e:\projects\upgradingskills\backend\c++\consoleapplication1\consoleapplication1\debug\consoleapplication1.pch.codeanalysis
e:\projects\upgradingskills\backend\c++\consoleapplication1\consoleapplication1\debug\vc141.pdb
e:\projects\upgradingskills\backend\c++\consoleapplication1\consoleapplication1\debug\vc141.idb
e:\projects\upgradingskills\backend\c++\consoleapplication1\consoleapplication1\debug\consoleapplication1.pch.codeanalysisast
e:\projects\upgradingskills\backend\c++\consoleapplication1\consoleapplication1\debug\stdafx.nativecodeanalysis.xml
e:\projects\upgradingskills\backend\c++\consoleapplication1\consoleapplication1\debug\stdafx.obj
e:\projects\upgradingskills\backend\c++\consoleapplication1\consoleapplication1\debug\consoleapplication1.nativecodeanalysis.xml
e:\projects\upgradingskills\backend\c++\consoleapplication1\consoleapplication1\debug\consoleapplication1.obj
e:\projects\upgradingskills\backend\c++\consoleapplication1\debug\consoleapplication1.ilk
e:\projects\upgradingskills\backend\c++\consoleapplication1\debug\consoleapplication1.exe
e:\projects\upgradingskills\backend\c++\consoleapplication1\debug\consoleapplication1.pdb
e:\projects\upgradingskills\backend\c++\consoleapplication1\consoleapplication1\debug\nativecodeanalysis.read.1.tlog
e:\projects\upgradingskills\backend\c++\consoleapplication1\consoleapplication1\debug\vc.nativecodeanalysis.all.xml
e:\projects\upgradingskills\backend\c++\consoleapplication1\debug\consoleapplication1.exe.lastcodeanalysissucceeded
e:\projects\upgradingskills\backend\c++\consoleapplication1\consoleapplication1\debug\consolea.53136ac0.tlog\cl.command.1.tlog
e:\projects\upgradingskills\backend\c++\consoleapplication1\consoleapplication1\debug\consolea.53136ac0.tlog\cl.read.1.tlog
e:\projects\upgradingskills\backend\c++\consoleapplication1\consoleapplication1\debug\consolea.53136ac0.tlog\cl.write.1.tlog
e:\projects\upgradingskills\backend\c++\consoleapplication1\consoleapplication1\debug\consolea.53136ac0.tlog\link.command.1.tlog
e:\projects\upgradingskills\backend\c++\consoleapplication1\consoleapplication1\debug\consolea.53136ac0.tlog\link.read.1.tlog
e:\projects\upgradingskills\backend\c++\consoleapplication1\consoleapplication1\debug\consolea.53136ac0.tlog\link.write.1.tlog
